<?xml version="1.0" encoding="UTF-8"?>
<!-- Generated by org.testng.reporters.JUnitXMLReporter -->
<testsuite hostname="DESKTOP-G6EV3EH" ignored="0" tests="5" failures="0" timestamp="2020-07-28T15:06:57 IST" time="19.519" errors="0">
  <testcase name="AuthenticationRequestMethod" time="10.592" classname="RestAssuredAPI"/>
  <testcase name="getRequestMethod" time="3.06" classname="RestAssuredAPI"/>
  <testcase name="postRequestMethod" time="1.469" classname="RestAssuredAPI"/>
  <testcase name="putMethod" time="1.522" classname="RestAssuredAPI"/>
  <testcase name="DeleteMethod" time="2.782" classname="RestAssuredAPI"/>
</testsuite>
