<?xml version="1.0" encoding="UTF-8"?>
<testng-results skipped="0" failed="0" ignored="0" total="5" passed="5">
  <reporter-output>
  </reporter-output>
  <suite name="Default suite" duration-ms="19519" started-at="2020-07-28T15:06:37 IST" finished-at="2020-07-28T15:06:57 IST">
    <groups>
    </groups>
    <test name="Default test" duration-ms="19519" started-at="2020-07-28T15:06:37 IST" finished-at="2020-07-28T15:06:57 IST">
      <class name="RestAssuredAPI">
        <test-method status="PASS" signature="AuthenticationRequestMethod()[pri:0, instance:RestAssuredAPI@a3107a]" name="AuthenticationRequestMethod" duration-ms="10592" started-at="2020-07-28T15:06:37 IST" description="Authentication Method" finished-at="2020-07-28T15:06:48 IST">
          <reporter-output>
          </reporter-output>
        </test-method> <!-- AuthenticationRequestMethod -->
        <test-method status="PASS" signature="getRequestMethod()[pri:1, instance:RestAssuredAPI@a3107a]" name="getRequestMethod" duration-ms="3060" started-at="2020-07-28T15:06:48 IST" description="Get Method" finished-at="2020-07-28T15:06:51 IST">
          <reporter-output>
          </reporter-output>
        </test-method> <!-- getRequestMethod -->
        <test-method status="PASS" signature="postRequestMethod()[pri:2, instance:RestAssuredAPI@a3107a]" name="postRequestMethod" duration-ms="1469" started-at="2020-07-28T15:06:51 IST" description="Post Method" finished-at="2020-07-28T15:06:52 IST">
          <reporter-output>
          </reporter-output>
        </test-method> <!-- postRequestMethod -->
        <test-method status="PASS" signature="putMethod()[pri:3, instance:RestAssuredAPI@a3107a]" name="putMethod" duration-ms="1522" started-at="2020-07-28T15:06:52 IST" description="Put Method" finished-at="2020-07-28T15:06:54 IST">
          <reporter-output>
          </reporter-output>
        </test-method> <!-- putMethod -->
        <test-method status="PASS" signature="DeleteMethod()[pri:4, instance:RestAssuredAPI@a3107a]" name="DeleteMethod" duration-ms="2782" started-at="2020-07-28T15:06:54 IST" description="Get the List of user" finished-at="2020-07-28T15:06:57 IST">
          <reporter-output>
          </reporter-output>
        </test-method> <!-- DeleteMethod -->
      </class> <!-- RestAssuredAPI -->
    </test> <!-- Default test -->
  </suite> <!-- Default suite -->
</testng-results>
